<?xml version="1.0" encoding="UTF-8"?>
<!-- Generated by org.testng.reporters.JUnitReportReporter -->
<testsuite hostname="Sushma" name="pract1.Demojenkin" tests="1" failures="0" timestamp="23 Nov 2016 01:36:44 GMT" time="0.015" errors="0">
  <testcase name="testjenkins" time="0.015" classname="pract1.Demojenkin"/>
</testsuite> <!-- pract1.Demojenkin -->
